Power: 8.185247999999996
Energy: 131.5268357224273
Time: 16.068766117095947
samples 625
Power Energy Time
8.185247999999996 131.5268357224273 16.068766117095947
Average frequency of cpu0: 1500000.00 kHz
Average frequency of cpu1: 1500000.00 kHz
Average frequency of cpu2: 1500000.00 kHz
Average frequency of cpu3: 1500000.00 kHz
Average frequency of cpu4: 1943750.00 kHz
Average frequency of cpu5: 1943750.00 kHz
Average frequency of cpu6: 1943750.00 kHz
Average frequency of cpu7: 1943750.00 kHz
All frequencies used by cpu0: [1500000, 1500000, 1500000, 1500000, 1500000, 1500000, 1500000, 1500000, 1500000, 1500000, 1500000, 1500000, 1500000, 1500000, 1500000, 1500000]
All frequencies used by cpu1: [1500000, 1500000, 1500000, 1500000, 1500000, 1500000, 1500000, 1500000, 1500000, 1500000, 1500000, 1500000, 1500000, 1500000, 1500000, 1500000]
All frequencies used by cpu2: [1500000, 1500000, 1500000, 1500000, 1500000, 1500000, 1500000, 1500000, 1500000, 1500000, 1500000, 1500000, 1500000, 1500000, 1500000, 1500000]
All frequencies used by cpu3: [1500000, 1500000, 1500000, 1500000, 1500000, 1500000, 1500000, 1500000, 1500000, 1500000, 1500000, 1500000, 1500000, 1500000, 1500000, 1500000]
All frequencies used by cpu4: [2000000, 2000000, 2000000, 1900000, 2000000, 1900000, 1900000, 1900000, 1900000, 1900000, 1900000, 1900000, 1900000, 2000000, 2000000, 2000000]
All frequencies used by cpu5: [2000000, 2000000, 2000000, 1900000, 2000000, 1900000, 1900000, 1900000, 1900000, 1900000, 1900000, 1900000, 1900000, 2000000, 2000000, 2000000]
All frequencies used by cpu6: [2000000, 2000000, 2000000, 1900000, 2000000, 1900000, 1900000, 1900000, 1900000, 1900000, 1900000, 1900000, 1900000, 2000000, 2000000, 2000000]
All frequencies used by cpu7: [2000000, 2000000, 2000000, 1900000, 2000000, 1900000, 1900000, 1900000, 1900000, 1900000, 1900000, 1900000, 1900000, 2000000, 2000000, 2000000]
Perf output: 
Thread 0 for Stage 1, input= 83, result= 2
Thread 1 for Stage 2, input= 2, result= 1
Thread 2 for Stage 3, input= 1, result= 1
Thread 0 for Stage 1, input= 86, result= 8
Thread 1 for Stage 2, input= 8, result= 21
Thread 2 for Stage 3, input= 21, result= 2432902008176640000
Thread 0 for Stage 1, input= 77, result= 24157817
Thread 0 for Stage 1, input= 15, result= 610
Thread 0 for Stage 1, input= 93, result= 233
Thread 1 for Stage 2, input= 24157817, result= 1597
Thread 2 for Stage 3, input= 1597, result= 2432902008176640000
Thread 1 for Stage 2, input= 610, result= 55
Thread 2 for Stage 3, input= 55, result= 2432902008176640000
Thread 0 for Stage 1, input= 35, result= 9227465
Thread 0 for Stage 1, input= 86, result= 8
Thread 0 for Stage 1, input= 92, result= 144
Thread 0 for Stage 1, input= 49, result= 34
Thread 0 for Stage 1, input= 21, result= 10946
Thread 1 for Stage 2, input= 9227465, result= 75025
Final result from Queue 4: 1

Number of threads: 3
Array size: 10
Queue 2 size: 1
Queue 3 size: 1
Queue 4 size: 1
group: 1
Thread assignments:
Thread 0 assigned stages: 1 
Thread 1 assigned stages: 2 
Thread 2 assigned stages: 3 

 Performance counter stats for './with_queue_size1 10 1 1 1 1':

      40397.508184      cpu-clock (msec)          #    2.618 CPUs utilized          
      40397.668307      task-clock (msec)         #    2.618 CPUs utilized          
       33143098389      cache-references          #  820.423 M/sec                    (50.00%)
       75711257976      cycles                    #    1.874 GHz                      (56.27%)
       62521756353      instructions              #    0.83  insn per cycle           (56.27%)
         165872037      cache-misses              #    0.500 % of all cache refs      (56.23%)
          75833073      L1-dcache-load-misses     #    0.33% of all L1-dcache hits    (56.24%)
       23052021458      L1-dcache-loads           #  570.629 M/sec                    (43.80%)
          89995415      L1-dcache-store-misses    #    2.228 M/sec                    (43.75%)
       10226035694      L1-dcache-stores          #  253.135 M/sec                    (43.71%)
            166675      LLC-load-misses                                               (37.41%)
            149459      LLC-store-misses          #    0.004 M/sec                    (37.47%)
         395222768      armv7_cortex_a15/l2d_cache/ #    9.783 M/sec                    (37.50%)
            236547      armv7_cortex_a15/l2d_cache_refill/ #    0.006 M/sec                    (37.47%)
         246328235      armv7_cortex_a7/l2d_cache/ #    6.098 M/sec                    (0.13%)
          62943405      armv7_cortex_a7/l2d_cache_refill/ #    1.558 M/sec                    (0.13%)
       14912279877      armv7_cortex_a15/bus_cycles/ #  369.138 M/sec                    (49.90%)
       75750419978      armv7_cortex_a15/cpu_cycles/ # 1875.122 M/sec                    (49.94%)

      15.430457976 seconds time elapsed


