Power: 5.90985557481223
Energy: 479.7473629775328
Time: 81.17751049995422
samples 3462
Power Energy Time
5.90985557481223 479.7473629775328 81.17751049995422
Average frequency of cpu0: 1500000.00 kHz
Average frequency of cpu1: 1500000.00 kHz
Average frequency of cpu2: 1500000.00 kHz
Average frequency of cpu3: 1500000.00 kHz
Average frequency of cpu4: 2000000.00 kHz
Average frequency of cpu5: 2000000.00 kHz
Average frequency of cpu6: 2000000.00 kHz
Average frequency of cpu7: 2000000.00 kHz
All frequencies used by cpu0: [1500000, 1500000, 1500000, 1500000, 1500000, 1500000, 1500000, 1500000, 1500000, 1500000, 1500000, 1500000, 1500000, 1500000, 1500000, 1500000, 1500000, 1500000, 1500000, 1500000, 1500000, 1500000, 1500000, 1500000, 1500000, 1500000, 1500000, 1500000, 1500000, 1500000, 1500000, 1500000, 1500000, 1500000, 1500000, 1500000, 1500000, 1500000, 1500000, 1500000, 1500000, 1500000, 1500000, 1500000, 1500000, 1500000, 1500000, 1500000, 1500000, 1500000, 1500000, 1500000, 1500000, 1500000, 1500000, 1500000, 1500000, 1500000, 1500000, 1500000, 1500000, 1500000, 1500000, 1500000, 1500000, 1500000, 1500000, 1500000, 1500000, 1500000, 1500000, 1500000, 1500000, 1500000, 1500000, 1500000, 1500000, 1500000, 1500000, 1500000, 1500000]
All frequencies used by cpu1: [1500000, 1500000, 1500000, 1500000, 1500000, 1500000, 1500000, 1500000, 1500000, 1500000, 1500000, 1500000, 1500000, 1500000, 1500000, 1500000, 1500000, 1500000, 1500000, 1500000, 1500000, 1500000, 1500000, 1500000, 1500000, 1500000, 1500000, 1500000, 1500000, 1500000, 1500000, 1500000, 1500000, 1500000, 1500000, 1500000, 1500000, 1500000, 1500000, 1500000, 1500000, 1500000, 1500000, 1500000, 1500000, 1500000, 1500000, 1500000, 1500000, 1500000, 1500000, 1500000, 1500000, 1500000, 1500000, 1500000, 1500000, 1500000, 1500000, 1500000, 1500000, 1500000, 1500000, 1500000, 1500000, 1500000, 1500000, 1500000, 1500000, 1500000, 1500000, 1500000, 1500000, 1500000, 1500000, 1500000, 1500000, 1500000, 1500000, 1500000, 1500000]
All frequencies used by cpu2: [1500000, 1500000, 1500000, 1500000, 1500000, 1500000, 1500000, 1500000, 1500000, 1500000, 1500000, 1500000, 1500000, 1500000, 1500000, 1500000, 1500000, 1500000, 1500000, 1500000, 1500000, 1500000, 1500000, 1500000, 1500000, 1500000, 1500000, 1500000, 1500000, 1500000, 1500000, 1500000, 1500000, 1500000, 1500000, 1500000, 1500000, 1500000, 1500000, 1500000, 1500000, 1500000, 1500000, 1500000, 1500000, 1500000, 1500000, 1500000, 1500000, 1500000, 1500000, 1500000, 1500000, 1500000, 1500000, 1500000, 1500000, 1500000, 1500000, 1500000, 1500000, 1500000, 1500000, 1500000, 1500000, 1500000, 1500000, 1500000, 1500000, 1500000, 1500000, 1500000, 1500000, 1500000, 1500000, 1500000, 1500000, 1500000, 1500000, 1500000, 1500000]
All frequencies used by cpu3: [1500000, 1500000, 1500000, 1500000, 1500000, 1500000, 1500000, 1500000, 1500000, 1500000, 1500000, 1500000, 1500000, 1500000, 1500000, 1500000, 1500000, 1500000, 1500000, 1500000, 1500000, 1500000, 1500000, 1500000, 1500000, 1500000, 1500000, 1500000, 1500000, 1500000, 1500000, 1500000, 1500000, 1500000, 1500000, 1500000, 1500000, 1500000, 1500000, 1500000, 1500000, 1500000, 1500000, 1500000, 1500000, 1500000, 1500000, 1500000, 1500000, 1500000, 1500000, 1500000, 1500000, 1500000, 1500000, 1500000, 1500000, 1500000, 1500000, 1500000, 1500000, 1500000, 1500000, 1500000, 1500000, 1500000, 1500000, 1500000, 1500000, 1500000, 1500000, 1500000, 1500000, 1500000, 1500000, 1500000, 1500000, 1500000, 1500000, 1500000, 1500000]
All frequencies used by cpu4: [2000000, 2000000, 2000000, 2000000, 2000000, 2000000, 2000000, 2000000, 2000000, 2000000, 2000000, 2000000, 2000000, 2000000, 2000000, 2000000, 2000000, 2000000, 2000000, 2000000, 2000000, 2000000, 2000000, 2000000, 2000000, 2000000, 2000000, 2000000, 2000000, 2000000, 2000000, 2000000, 2000000, 2000000, 2000000, 2000000, 2000000, 2000000, 2000000, 2000000, 2000000, 2000000, 2000000, 2000000, 2000000, 2000000, 2000000, 2000000, 2000000, 2000000, 2000000, 2000000, 2000000, 2000000, 2000000, 2000000, 2000000, 2000000, 2000000, 2000000, 2000000, 2000000, 2000000, 2000000, 2000000, 2000000, 2000000, 2000000, 2000000, 2000000, 2000000, 2000000, 2000000, 2000000, 2000000, 2000000, 2000000, 2000000, 2000000, 2000000, 2000000]
All frequencies used by cpu5: [2000000, 2000000, 2000000, 2000000, 2000000, 2000000, 2000000, 2000000, 2000000, 2000000, 2000000, 2000000, 2000000, 2000000, 2000000, 2000000, 2000000, 2000000, 2000000, 2000000, 2000000, 2000000, 2000000, 2000000, 2000000, 2000000, 2000000, 2000000, 2000000, 2000000, 2000000, 2000000, 2000000, 2000000, 2000000, 2000000, 2000000, 2000000, 2000000, 2000000, 2000000, 2000000, 2000000, 2000000, 2000000, 2000000, 2000000, 2000000, 2000000, 2000000, 2000000, 2000000, 2000000, 2000000, 2000000, 2000000, 2000000, 2000000, 2000000, 2000000, 2000000, 2000000, 2000000, 2000000, 2000000, 2000000, 2000000, 2000000, 2000000, 2000000, 2000000, 2000000, 2000000, 2000000, 2000000, 2000000, 2000000, 2000000, 2000000, 2000000, 2000000]
All frequencies used by cpu6: [2000000, 2000000, 2000000, 2000000, 2000000, 2000000, 2000000, 2000000, 2000000, 2000000, 2000000, 2000000, 2000000, 2000000, 2000000, 2000000, 2000000, 2000000, 2000000, 2000000, 2000000, 2000000, 2000000, 2000000, 2000000, 2000000, 2000000, 2000000, 2000000, 2000000, 2000000, 2000000, 2000000, 2000000, 2000000, 2000000, 2000000, 2000000, 2000000, 2000000, 2000000, 2000000, 2000000, 2000000, 2000000, 2000000, 2000000, 2000000, 2000000, 2000000, 2000000, 2000000, 2000000, 2000000, 2000000, 2000000, 2000000, 2000000, 2000000, 2000000, 2000000, 2000000, 2000000, 2000000, 2000000, 2000000, 2000000, 2000000, 2000000, 2000000, 2000000, 2000000, 2000000, 2000000, 2000000, 2000000, 2000000, 2000000, 2000000, 2000000, 2000000]
All frequencies used by cpu7: [2000000, 2000000, 2000000, 2000000, 2000000, 2000000, 2000000, 2000000, 2000000, 2000000, 2000000, 2000000, 2000000, 2000000, 2000000, 2000000, 2000000, 2000000, 2000000, 2000000, 2000000, 2000000, 2000000, 2000000, 2000000, 2000000, 2000000, 2000000, 2000000, 2000000, 2000000, 2000000, 2000000, 2000000, 2000000, 2000000, 2000000, 2000000, 2000000, 2000000, 2000000, 2000000, 2000000, 2000000, 2000000, 2000000, 2000000, 2000000, 2000000, 2000000, 2000000, 2000000, 2000000, 2000000, 2000000, 2000000, 2000000, 2000000, 2000000, 2000000, 2000000, 2000000, 2000000, 2000000, 2000000, 2000000, 2000000, 2000000, 2000000, 2000000, 2000000, 2000000, 2000000, 2000000, 2000000, 2000000, 2000000, 2000000, 2000000, 2000000, 2000000]
Perf output: 
Running pipeline group: 1 (Separate Stage1, Stage2, Stage3, Stage4, Stage5)
Thread 3068552288 bound to core 0
Thread 3060159584 bound to core 1
Thread 3051766880 bound to core 2
Thread 3043374176 bound to core 3
Thread 3034981472 bound to core 4
Stage 1 - Global Thread 0 processed input 0
Stage 2 - Global Thread 1 processed input 0
Stage 1 - Global Thread 0 processed input 1
Memory workload accessed_values: -505114240
Stage 3 - Global Thread 2 processed input 0
Stage 2 - Global Thread 1 processed input 1
Stage 1 - Global Thread 0 processed input 2
Memory workload accessed_values: -505114240
Stage 4 - Global Thread 3 processed input 0
Stage 3 - Global Thread 2 processed input 1
Stage 5 - Global Thread 4 processed input 0
Stage 2 - Global Thread 1 processed input 2
Stage 1 - Global Thread 0 processed input 3
Memory workload accessed_values: -505114240
Stage 4 - Global Thread 3 processed input 1
Stage 3 - Global Thread 2 processed input 2
Stage 5 - Global Thread 4 processed input 1
Stage 2 - Global Thread 1 processed input 3
Stage 1 - Global Thread 0 processed input 4
Memory workload accessed_values: -505114240
Stage 4 - Global Thread 3 processed input 2
Stage 3 - Global Thread 2 processed input 3
Stage 5 - Global Thread 4 processed input 2
Stage 2 - Global Thread 1 processed input 4
Stage 1 - Global Thread 0 processed input 5
Stage 4 - Global Thread 3 processed input 3
Memory workload accessed_values: -505114240
Stage 3 - Global Thread 2 processed input 4
Stage 5 - Global Thread 4 processed input 3
Stage 2 - Global Thread 1 processed input 5
Stage 1 - Global Thread 0 processed input 6
Memory workload accessed_values: -505114240
Stage 4 - Global Thread 3 processed input 4
Stage 3 - Global Thread 2 processed input 5
Stage 5 - Global Thread 4 processed input 4
Stage 2 - Global Thread 1 processed input 6
Stage 1 - Global Thread 0 processed input 7
Queue 1 is full. Backing off...
Memory workload accessed_values: -505114240
Stage 4 - Global Thread 3 processed input 5
Stage 3 - Global Thread 2 processed input 6
Stage 5 - Global Thread 4 processed input 5
Stage 2 - Global Thread 1 processed input 7
Stage 1 - Global Thread 0 processed input 8
Memory workload accessed_values: -505114240
Stage 4 - Global Thread 3 processed input 6
Stage 3 - Global Thread 2 processed input 7
Stage 5 - Global Thread 4 processed input 6
Stage 2 - Global Thread 1 processed input 8
Stage 1 - Global Thread 0 processed input 9
Memory workload accessed_values: -505114240
Stage 4 - Global Thread 3 processed input 7
Stage 3 - Global Thread 2 processed input 8
Stage 5 - Global Thread 4 processed input 7
Stage 2 - Global Thread 1 processed input 9
Memory workload accessed_values: -505114240
Stage 4 - Global Thread 3 processed input 8
Stage 3 - Global Thread 2 processed input 9
Stage 5 - Global Thread 4 processed input 8
Stage 4 - Global Thread 3 processed input 9
Stage 5 - Global Thread 4 processed input 9
Queue 1 is empty. Returning TERM_TOKEN...

=== Debugging Summary ===
Group: 1
Total threads: 5
Stage 1 threads: 1
Stage 2 threads: 1
Stage 3 threads: 1
Stage 4 threads: 1
Stage 5 threads: 1
Queue 1 sizes: 1
Queue 2 sizes: 1
Queue 3 sizes: 1
Queue 4 sizes: 1
Queue 5 sizes: 1

CPU Mapping (Thread -> Core):
  Thread 0 -> Core 0
  Thread 1 -> Core 1
  Thread 2 -> Core 2
  Thread 3 -> Core 3
  Thread 4 -> Core 4
==========================


 Performance counter stats for './pipe_cpu_mem_c_c_m_c_c 1 1 1 1 1 1':

     267853.629682      cpu-clock (msec)          #    3.343 CPUs utilized          
     267853.898037      task-clock (msec)         #    3.343 CPUs utilized          
       71329823150      cache-references          #  266.301 M/sec                    (12.42%)
      530974608536      cycles                    #    1.982 GHz                      (13.98%)
      183637833187      instructions              #    0.35  insn per cycle           (13.98%)
           6023174      cache-misses              #    0.008 % of all cache refs      (13.99%)
           5400141      L1-dcache-load-misses     #    0.01% of all L1-dcache hits    (13.99%)
       51675933339      L1-dcache-loads           #  192.926 M/sec                    (10.88%)
            618802      L1-dcache-store-misses    #    0.002 M/sec                    (10.88%)
       19721429506      L1-dcache-stores          #   73.628 M/sec                    (10.88%)
            448210      LLC-load-misses                                               (9.33%)
            203154      LLC-store-misses          #    0.758 K/sec                    (9.32%)
          31464173      armv7_cortex_a15/l2d_cache/ #    0.117 M/sec                    (9.32%)
            670716      armv7_cortex_a15/l2d_cache_refill/ #    0.003 M/sec                    (9.32%)
         297421403      armv7_cortex_a7/l2d_cache/ #    1.110 M/sec                    (75.14%)
          34527492      armv7_cortex_a7/l2d_cache_refill/ #    0.129 M/sec                    (75.14%)
      100022576824      armv7_cortex_a15/bus_cycles/ #  373.422 M/sec                    (12.42%)
      531051160001      armv7_cortex_a15/cpu_cycles/ # 1982.616 M/sec                    (12.42%)

      80.134806052 seconds time elapsed


